Determining if the pthread_create exist failed with the following output:
Change Dir: /home/vortex/zhou_temp_test/opencv_test/slambook_ch7/build/CMakeFiles/CMakeTmp

Run Build Command:"/usr/bin/make" "cmTC_2a57e/fast"
/usr/bin/make -f CMakeFiles/cmTC_2a57e.dir/build.make CMakeFiles/cmTC_2a57e.dir/build
make[1]: Entering directory '/home/vortex/zhou_temp_test/opencv_test/slambook_ch7/build/CMakeFiles/CMakeTmp'
Building C object CMakeFiles/cmTC_2a57e.dir/CheckSymbolExists.c.o
/usr/bin/cc     -o CMakeFiles/cmTC_2a57e.dir/CheckSymbolExists.c.o   -c /home/vortex/zhou_temp_test/opencv_test/slambook_ch7/build/CMakeFiles/CMakeTmp/CheckSymbolExists.c
Linking C executable cmTC_2a57e
/usr/bin/cmake -E cmake_link_script CMakeFiles/cmTC_2a57e.dir/link.txt --verbose=1
/usr/bin/cc       CMakeFiles/cmTC_2a57e.dir/CheckSymbolExists.c.o  -o cmTC_2a57e -rdynamic 
CMakeFiles/cmTC_2a57e.dir/CheckSymbolExists.c.o: In function `main':
CheckSymbolExists.c:(.text+0x16): undefined reference to `pthread_create'
collect2: error: ld returned 1 exit status
CMakeFiles/cmTC_2a57e.dir/build.make:97: recipe for target 'cmTC_2a57e' failed
make[1]: *** [cmTC_2a57e] Error 1
make[1]: Leaving directory '/home/vortex/zhou_temp_test/opencv_test/slambook_ch7/build/CMakeFiles/CMakeTmp'
Makefile:126: recipe for target 'cmTC_2a57e/fast' failed
make: *** [cmTC_2a57e/fast] Error 2

File /home/vortex/zhou_temp_test/opencv_test/slambook_ch7/build/CMakeFiles/CMakeTmp/CheckSymbolExists.c:
/* */
#include <pthread.h>

int main(int argc, char** argv)
{
  (void)argv;
#ifndef pthread_create
  return ((int*)(&pthread_create))[argc];
#else
  (void)argc;
  return 0;
#endif
}

Determining if the function pthread_create exists in the pthreads failed with the following output:
Change Dir: /home/vortex/zhou_temp_test/opencv_test/slambook_ch7/build/CMakeFiles/CMakeTmp

Run Build Command:"/usr/bin/make" "cmTC_54f26/fast"
/usr/bin/make -f CMakeFiles/cmTC_54f26.dir/build.make CMakeFiles/cmTC_54f26.dir/build
make[1]: Entering directory '/home/vortex/zhou_temp_test/opencv_test/slambook_ch7/build/CMakeFiles/CMakeTmp'
Building C object CMakeFiles/cmTC_54f26.dir/CheckFunctionExists.c.o
/usr/bin/cc    -DCHECK_FUNCTION_EXISTS=pthread_create   -o CMakeFiles/cmTC_54f26.dir/CheckFunctionExists.c.o   -c /usr/share/cmake-3.5/Modules/CheckFunctionExists.c
Linking C executable cmTC_54f26
/usr/bin/cmake -E cmake_link_script CMakeFiles/cmTC_54f26.dir/link.txt --verbose=1
/usr/bin/cc   -DCHECK_FUNCTION_EXISTS=pthread_create    CMakeFiles/cmTC_54f26.dir/CheckFunctionExists.c.o  -o cmTC_54f26 -rdynamic -lpthreads 
/usr/bin/ld: cannot find -lpthreads
collect2: error: ld returned 1 exit status
CMakeFiles/cmTC_54f26.dir/build.make:97: recipe for target 'cmTC_54f26' failed
make[1]: *** [cmTC_54f26] Error 1
make[1]: Leaving directory '/home/vortex/zhou_temp_test/opencv_test/slambook_ch7/build/CMakeFiles/CMakeTmp'
Makefile:126: recipe for target 'cmTC_54f26/fast' failed
make: *** [cmTC_54f26/fast] Error 2


